2026-03-27 23:26:20: Puerto 5000 en uso, intentando 50001...
2026-03-27 23:28:43: Puerto 5000 en uso, intentando 50001...
2026-03-27 23:45:25: Error: Route.get() requires a callback function but got a [object Object]
2026-03-27 23:45:25:     at Route.<computed> [as get] (C:\Users\54233\Documents\sistemaGestion\backend\node_modules\express\lib\router\route.js:216:15)
2026-03-27 23:45:25:     at proto.<computed> [as get] (C:\Users\54233\Documents\sistemaGestion\backend\node_modules\express\lib\router\index.js:521:19)
2026-03-27 23:45:25:     at Object.<anonymous> (C:\Users\54233\Documents\sistemaGestion\backend\routes\productos.js:13:8)
2026-03-27 23:45:25:     at Module._compile (node:internal/modules/cjs/loader:1812:14)
2026-03-27 23:45:25:     at Object..js (node:internal/modules/cjs/loader:1943:10)
2026-03-27 23:45:25:     at Module.load (node:internal/modules/cjs/loader:1533:32)
2026-03-27 23:45:25:     at Module._load (node:internal/modules/cjs/loader:1335:12)
2026-03-27 23:45:25:     at wrapModuleLoad (node:internal/modules/cjs/loader:255:19)
2026-03-27 23:45:25:     at Module.<anonymous> (node:internal/modules/cjs/loader:1556:12)
2026-03-27 23:45:25:     at Hook._require.Module.require (C:\Users\54233\AppData\Roaming\npm\node_modules\pm2\node_modules\require-in-the-middle\index.js:101:39)
2026-03-27 23:45:25: ═══════════════════════════════════════════
2026-03-27 23:45:25: ❌ EXCEPTION NO CAPTURADA
2026-03-27 23:45:25: Error: Route.get() requires a callback function but got a [object Object]
2026-03-27 23:45:25: Stack: Error: Route.get() requires a callback function but got a [object Object]
2026-03-27 23:45:25:     at Route.<computed> [as get] (C:\Users\54233\Documents\sistemaGestion\backend\node_modules\express\lib\router\route.js:216:15)
2026-03-27 23:45:25:     at proto.<computed> [as get] (C:\Users\54233\Documents\sistemaGestion\backend\node_modules\express\lib\router\index.js:521:19)
2026-03-27 23:45:25:     at Object.<anonymous> (C:\Users\54233\Documents\sistemaGestion\backend\routes\productos.js:13:8)
2026-03-27 23:45:25:     at Module._compile (node:internal/modules/cjs/loader:1812:14)
2026-03-27 23:45:25:     at Object..js (node:internal/modules/cjs/loader:1943:10)
2026-03-27 23:45:25:     at Module.load (node:internal/modules/cjs/loader:1533:32)
2026-03-27 23:45:25:     at Module._load (node:internal/modules/cjs/loader:1335:12)
2026-03-27 23:45:25:     at wrapModuleLoad (node:internal/modules/cjs/loader:255:19)
2026-03-27 23:45:25:     at Module.<anonymous> (node:internal/modules/cjs/loader:1556:12)
2026-03-27 23:45:25:     at Hook._require.Module.require (C:\Users\54233\AppData\Roaming\npm\node_modules\pm2\node_modules\require-in-the-middle\index.js:101:39)
2026-03-27 23:45:25: ═══════════════════════════════════════════
2026-03-27 23:45:29: Error: Route.get() requires a callback function but got a [object Object]
2026-03-27 23:45:29:     at Route.<computed> [as get] (C:\Users\54233\Documents\sistemaGestion\backend\node_modules\express\lib\router\route.js:216:15)
2026-03-27 23:45:29:     at proto.<computed> [as get] (C:\Users\54233\Documents\sistemaGestion\backend\node_modules\express\lib\router\index.js:521:19)
2026-03-27 23:45:29:     at Object.<anonymous> (C:\Users\54233\Documents\sistemaGestion\backend\routes\productos.js:13:8)
2026-03-27 23:45:29:     at Module._compile (node:internal/modules/cjs/loader:1812:14)
2026-03-27 23:45:29:     at Object..js (node:internal/modules/cjs/loader:1943:10)
2026-03-27 23:45:29:     at Module.load (node:internal/modules/cjs/loader:1533:32)
2026-03-27 23:45:29:     at Module._load (node:internal/modules/cjs/loader:1335:12)
2026-03-27 23:45:29:     at wrapModuleLoad (node:internal/modules/cjs/loader:255:19)
2026-03-27 23:45:29:     at Module.<anonymous> (node:internal/modules/cjs/loader:1556:12)
2026-03-27 23:45:29:     at Hook._require.Module.require (C:\Users\54233\AppData\Roaming\npm\node_modules\pm2\node_modules\require-in-the-middle\index.js:101:39)
2026-03-27 23:45:29: ═══════════════════════════════════════════
2026-03-27 23:45:29: ❌ EXCEPTION NO CAPTURADA
2026-03-27 23:45:29: Error: Route.get() requires a callback function but got a [object Object]
2026-03-27 23:45:29: Stack: Error: Route.get() requires a callback function but got a [object Object]
2026-03-27 23:45:29:     at Route.<computed> [as get] (C:\Users\54233\Documents\sistemaGestion\backend\node_modules\express\lib\router\route.js:216:15)
2026-03-27 23:45:29:     at proto.<computed> [as get] (C:\Users\54233\Documents\sistemaGestion\backend\node_modules\express\lib\router\index.js:521:19)
2026-03-27 23:45:29:     at Object.<anonymous> (C:\Users\54233\Documents\sistemaGestion\backend\routes\productos.js:13:8)
2026-03-27 23:45:29:     at Module._compile (node:internal/modules/cjs/loader:1812:14)
2026-03-27 23:45:29:     at Object..js (node:internal/modules/cjs/loader:1943:10)
2026-03-27 23:45:29:     at Module.load (node:internal/modules/cjs/loader:1533:32)
2026-03-27 23:45:29:     at Module._load (node:internal/modules/cjs/loader:1335:12)
2026-03-27 23:45:29:     at wrapModuleLoad (node:internal/modules/cjs/loader:255:19)
2026-03-27 23:45:29:     at Module.<anonymous> (node:internal/modules/cjs/loader:1556:12)
2026-03-27 23:45:29:     at Hook._require.Module.require (C:\Users\54233\AppData\Roaming\npm\node_modules\pm2\node_modules\require-in-the-middle\index.js:101:39)
2026-03-27 23:45:29: ═══════════════════════════════════════════
2026-03-27 23:45:32: Error: Route.get() requires a callback function but got a [object Object]
2026-03-27 23:45:32:     at Route.<computed> [as get] (C:\Users\54233\Documents\sistemaGestion\backend\node_modules\express\lib\router\route.js:216:15)
2026-03-27 23:45:32:     at proto.<computed> [as get] (C:\Users\54233\Documents\sistemaGestion\backend\node_modules\express\lib\router\index.js:521:19)
2026-03-27 23:45:32:     at Object.<anonymous> (C:\Users\54233\Documents\sistemaGestion\backend\routes\productos.js:13:8)
2026-03-27 23:45:32:     at Module._compile (node:internal/modules/cjs/loader:1812:14)
2026-03-27 23:45:32:     at Object..js (node:internal/modules/cjs/loader:1943:10)
2026-03-27 23:45:32:     at Module.load (node:internal/modules/cjs/loader:1533:32)
2026-03-27 23:45:32:     at Module._load (node:internal/modules/cjs/loader:1335:12)
2026-03-27 23:45:32:     at wrapModuleLoad (node:internal/modules/cjs/loader:255:19)
2026-03-27 23:45:32:     at Module.<anonymous> (node:internal/modules/cjs/loader:1556:12)
2026-03-27 23:45:32:     at Hook._require.Module.require (C:\Users\54233\AppData\Roaming\npm\node_modules\pm2\node_modules\require-in-the-middle\index.js:101:39)
2026-03-27 23:45:32: ═══════════════════════════════════════════
2026-03-27 23:45:32: ❌ EXCEPTION NO CAPTURADA
2026-03-27 23:45:32: Error: Route.get() requires a callback function but got a [object Object]
2026-03-27 23:45:32: Stack: Error: Route.get() requires a callback function but got a [object Object]
2026-03-27 23:45:32:     at Route.<computed> [as get] (C:\Users\54233\Documents\sistemaGestion\backend\node_modules\express\lib\router\route.js:216:15)
2026-03-27 23:45:32:     at proto.<computed> [as get] (C:\Users\54233\Documents\sistemaGestion\backend\node_modules\express\lib\router\index.js:521:19)
2026-03-27 23:45:32:     at Object.<anonymous> (C:\Users\54233\Documents\sistemaGestion\backend\routes\productos.js:13:8)
2026-03-27 23:45:32:     at Module._compile (node:internal/modules/cjs/loader:1812:14)
2026-03-27 23:45:32:     at Object..js (node:internal/modules/cjs/loader:1943:10)
2026-03-27 23:45:32:     at Module.load (node:internal/modules/cjs/loader:1533:32)
2026-03-27 23:45:32:     at Module._load (node:internal/modules/cjs/loader:1335:12)
2026-03-27 23:45:32:     at wrapModuleLoad (node:internal/modules/cjs/loader:255:19)
2026-03-27 23:45:32:     at Module.<anonymous> (node:internal/modules/cjs/loader:1556:12)
2026-03-27 23:45:32:     at Hook._require.Module.require (C:\Users\54233\AppData\Roaming\npm\node_modules\pm2\node_modules\require-in-the-middle\index.js:101:39)
2026-03-27 23:45:32: ═══════════════════════════════════════════
2026-03-27 23:45:35: Error: Route.get() requires a callback function but got a [object Object]
2026-03-27 23:45:35:     at Route.<computed> [as get] (C:\Users\54233\Documents\sistemaGestion\backend\node_modules\express\lib\router\route.js:216:15)
2026-03-27 23:45:35:     at proto.<computed> [as get] (C:\Users\54233\Documents\sistemaGestion\backend\node_modules\express\lib\router\index.js:521:19)
2026-03-27 23:45:35:     at Object.<anonymous> (C:\Users\54233\Documents\sistemaGestion\backend\routes\productos.js:13:8)
2026-03-27 23:45:35:     at Module._compile (node:internal/modules/cjs/loader:1812:14)
2026-03-27 23:45:35:     at Object..js (node:internal/modules/cjs/loader:1943:10)
2026-03-27 23:45:35:     at Module.load (node:internal/modules/cjs/loader:1533:32)
2026-03-27 23:45:35:     at Module._load (node:internal/modules/cjs/loader:1335:12)
2026-03-27 23:45:35:     at wrapModuleLoad (node:internal/modules/cjs/loader:255:19)
2026-03-27 23:45:35:     at Module.<anonymous> (node:internal/modules/cjs/loader:1556:12)
2026-03-27 23:45:35:     at Hook._require.Module.require (C:\Users\54233\AppData\Roaming\npm\node_modules\pm2\node_modules\require-in-the-middle\index.js:101:39)
2026-03-27 23:45:35: ═══════════════════════════════════════════
2026-03-27 23:45:35: ❌ EXCEPTION NO CAPTURADA
2026-03-27 23:45:35: Error: Route.get() requires a callback function but got a [object Object]
2026-03-27 23:45:35: Stack: Error: Route.get() requires a callback function but got a [object Object]
2026-03-27 23:45:35:     at Route.<computed> [as get] (C:\Users\54233\Documents\sistemaGestion\backend\node_modules\express\lib\router\route.js:216:15)
2026-03-27 23:45:35:     at proto.<computed> [as get] (C:\Users\54233\Documents\sistemaGestion\backend\node_modules\express\lib\router\index.js:521:19)
2026-03-27 23:45:35:     at Object.<anonymous> (C:\Users\54233\Documents\sistemaGestion\backend\routes\productos.js:13:8)
2026-03-27 23:45:35:     at Module._compile (node:internal/modules/cjs/loader:1812:14)
2026-03-27 23:45:35:     at Object..js (node:internal/modules/cjs/loader:1943:10)
2026-03-27 23:45:35:     at Module.load (node:internal/modules/cjs/loader:1533:32)
2026-03-27 23:45:35:     at Module._load (node:internal/modules/cjs/loader:1335:12)
2026-03-27 23:45:35:     at wrapModuleLoad (node:internal/modules/cjs/loader:255:19)
2026-03-27 23:45:35:     at Module.<anonymous> (node:internal/modules/cjs/loader:1556:12)
2026-03-27 23:45:35:     at Hook._require.Module.require (C:\Users\54233\AppData\Roaming\npm\node_modules\pm2\node_modules\require-in-the-middle\index.js:101:39)
2026-03-27 23:45:35: ═══════════════════════════════════════════
2026-03-27 23:45:38: Error: Route.get() requires a callback function but got a [object Object]
2026-03-27 23:45:38:     at Route.<computed> [as get] (C:\Users\54233\Documents\sistemaGestion\backend\node_modules\express\lib\router\route.js:216:15)
2026-03-27 23:45:38:     at proto.<computed> [as get] (C:\Users\54233\Documents\sistemaGestion\backend\node_modules\express\lib\router\index.js:521:19)
2026-03-27 23:45:38:     at Object.<anonymous> (C:\Users\54233\Documents\sistemaGestion\backend\routes\productos.js:13:8)
2026-03-27 23:45:38:     at Module._compile (node:internal/modules/cjs/loader:1812:14)
2026-03-27 23:45:38:     at Object..js (node:internal/modules/cjs/loader:1943:10)
2026-03-27 23:45:38:     at Module.load (node:internal/modules/cjs/loader:1533:32)
2026-03-27 23:45:38:     at Module._load (node:internal/modules/cjs/loader:1335:12)
2026-03-27 23:45:38:     at wrapModuleLoad (node:internal/modules/cjs/loader:255:19)
2026-03-27 23:45:38:     at Module.<anonymous> (node:internal/modules/cjs/loader:1556:12)
2026-03-27 23:45:38:     at Hook._require.Module.require (C:\Users\54233\AppData\Roaming\npm\node_modules\pm2\node_modules\require-in-the-middle\index.js:101:39)
2026-03-27 23:45:38: ═══════════════════════════════════════════
2026-03-27 23:45:38: ❌ EXCEPTION NO CAPTURADA
2026-03-27 23:45:38: Error: Route.get() requires a callback function but got a [object Object]
2026-03-27 23:45:38: Stack: Error: Route.get() requires a callback function but got a [object Object]
2026-03-27 23:45:38:     at Route.<computed> [as get] (C:\Users\54233\Documents\sistemaGestion\backend\node_modules\express\lib\router\route.js:216:15)
2026-03-27 23:45:38:     at proto.<computed> [as get] (C:\Users\54233\Documents\sistemaGestion\backend\node_modules\express\lib\router\index.js:521:19)
2026-03-27 23:45:38:     at Object.<anonymous> (C:\Users\54233\Documents\sistemaGestion\backend\routes\productos.js:13:8)
2026-03-27 23:45:38:     at Module._compile (node:internal/modules/cjs/loader:1812:14)
2026-03-27 23:45:38:     at Object..js (node:internal/modules/cjs/loader:1943:10)
2026-03-27 23:45:38:     at Module.load (node:internal/modules/cjs/loader:1533:32)
2026-03-27 23:45:38:     at Module._load (node:internal/modules/cjs/loader:1335:12)
2026-03-27 23:45:38:     at wrapModuleLoad (node:internal/modules/cjs/loader:255:19)
2026-03-27 23:45:38:     at Module.<anonymous> (node:internal/modules/cjs/loader:1556:12)
2026-03-27 23:45:38:     at Hook._require.Module.require (C:\Users\54233\AppData\Roaming\npm\node_modules\pm2\node_modules\require-in-the-middle\index.js:101:39)
2026-03-27 23:45:38: ═══════════════════════════════════════════
2026-03-27 23:45:41: Error: Route.get() requires a callback function but got a [object Object]
2026-03-27 23:45:41:     at Route.<computed> [as get] (C:\Users\54233\Documents\sistemaGestion\backend\node_modules\express\lib\router\route.js:216:15)
2026-03-27 23:45:41:     at proto.<computed> [as get] (C:\Users\54233\Documents\sistemaGestion\backend\node_modules\express\lib\router\index.js:521:19)
2026-03-27 23:45:41:     at Object.<anonymous> (C:\Users\54233\Documents\sistemaGestion\backend\routes\productos.js:13:8)
2026-03-27 23:45:41:     at Module._compile (node:internal/modules/cjs/loader:1812:14)
2026-03-27 23:45:41:     at Object..js (node:internal/modules/cjs/loader:1943:10)
2026-03-27 23:45:41:     at Module.load (node:internal/modules/cjs/loader:1533:32)
2026-03-27 23:45:41:     at Module._load (node:internal/modules/cjs/loader:1335:12)
2026-03-27 23:45:41:     at wrapModuleLoad (node:internal/modules/cjs/loader:255:19)
2026-03-27 23:45:41:     at Module.<anonymous> (node:internal/modules/cjs/loader:1556:12)
2026-03-27 23:45:41:     at Hook._require.Module.require (C:\Users\54233\AppData\Roaming\npm\node_modules\pm2\node_modules\require-in-the-middle\index.js:101:39)
2026-03-27 23:45:41: ═══════════════════════════════════════════
2026-03-27 23:45:41: ❌ EXCEPTION NO CAPTURADA
2026-03-27 23:45:41: Error: Route.get() requires a callback function but got a [object Object]
2026-03-27 23:45:41: Stack: Error: Route.get() requires a callback function but got a [object Object]
2026-03-27 23:45:41:     at Route.<computed> [as get] (C:\Users\54233\Documents\sistemaGestion\backend\node_modules\express\lib\router\route.js:216:15)
2026-03-27 23:45:41:     at proto.<computed> [as get] (C:\Users\54233\Documents\sistemaGestion\backend\node_modules\express\lib\router\index.js:521:19)
2026-03-27 23:45:41:     at Object.<anonymous> (C:\Users\54233\Documents\sistemaGestion\backend\routes\productos.js:13:8)
2026-03-27 23:45:41:     at Module._compile (node:internal/modules/cjs/loader:1812:14)
2026-03-27 23:45:41:     at Object..js (node:internal/modules/cjs/loader:1943:10)
2026-03-27 23:45:41:     at Module.load (node:internal/modules/cjs/loader:1533:32)
2026-03-27 23:45:41:     at Module._load (node:internal/modules/cjs/loader:1335:12)
2026-03-27 23:45:41:     at wrapModuleLoad (node:internal/modules/cjs/loader:255:19)
2026-03-27 23:45:41:     at Module.<anonymous> (node:internal/modules/cjs/loader:1556:12)
2026-03-27 23:45:41:     at Hook._require.Module.require (C:\Users\54233\AppData\Roaming\npm\node_modules\pm2\node_modules\require-in-the-middle\index.js:101:39)
2026-03-27 23:45:41: ═══════════════════════════════════════════
2026-03-27 23:45:44: Error: Route.get() requires a callback function but got a [object Object]
2026-03-27 23:45:44:     at Route.<computed> [as get] (C:\Users\54233\Documents\sistemaGestion\backend\node_modules\express\lib\router\route.js:216:15)
2026-03-27 23:45:44:     at proto.<computed> [as get] (C:\Users\54233\Documents\sistemaGestion\backend\node_modules\express\lib\router\index.js:521:19)
2026-03-27 23:45:44:     at Object.<anonymous> (C:\Users\54233\Documents\sistemaGestion\backend\routes\productos.js:13:8)
2026-03-27 23:45:44:     at Module._compile (node:internal/modules/cjs/loader:1812:14)
2026-03-27 23:45:44:     at Object..js (node:internal/modules/cjs/loader:1943:10)
2026-03-27 23:45:44:     at Module.load (node:internal/modules/cjs/loader:1533:32)
2026-03-27 23:45:44:     at Module._load (node:internal/modules/cjs/loader:1335:12)
2026-03-27 23:45:44:     at wrapModuleLoad (node:internal/modules/cjs/loader:255:19)
2026-03-27 23:45:44:     at Module.<anonymous> (node:internal/modules/cjs/loader:1556:12)
2026-03-27 23:45:44:     at Hook._require.Module.require (C:\Users\54233\AppData\Roaming\npm\node_modules\pm2\node_modules\require-in-the-middle\index.js:101:39)
2026-03-27 23:45:44: ═══════════════════════════════════════════
2026-03-27 23:45:44: ❌ EXCEPTION NO CAPTURADA
2026-03-27 23:45:44: Error: Route.get() requires a callback function but got a [object Object]
2026-03-27 23:45:44: Stack: Error: Route.get() requires a callback function but got a [object Object]
2026-03-27 23:45:44:     at Route.<computed> [as get] (C:\Users\54233\Documents\sistemaGestion\backend\node_modules\express\lib\router\route.js:216:15)
2026-03-27 23:45:44:     at proto.<computed> [as get] (C:\Users\54233\Documents\sistemaGestion\backend\node_modules\express\lib\router\index.js:521:19)
2026-03-27 23:45:44:     at Object.<anonymous> (C:\Users\54233\Documents\sistemaGestion\backend\routes\productos.js:13:8)
2026-03-27 23:45:44:     at Module._compile (node:internal/modules/cjs/loader:1812:14)
2026-03-27 23:45:44:     at Object..js (node:internal/modules/cjs/loader:1943:10)
2026-03-27 23:45:44:     at Module.load (node:internal/modules/cjs/loader:1533:32)
2026-03-27 23:45:44:     at Module._load (node:internal/modules/cjs/loader:1335:12)
2026-03-27 23:45:44:     at wrapModuleLoad (node:internal/modules/cjs/loader:255:19)
2026-03-27 23:45:44:     at Module.<anonymous> (node:internal/modules/cjs/loader:1556:12)
2026-03-27 23:45:44:     at Hook._require.Module.require (C:\Users\54233\AppData\Roaming\npm\node_modules\pm2\node_modules\require-in-the-middle\index.js:101:39)
2026-03-27 23:45:44: ═══════════════════════════════════════════
2026-03-27 23:45:47: Error: Route.get() requires a callback function but got a [object Object]
2026-03-27 23:45:47:     at Route.<computed> [as get] (C:\Users\54233\Documents\sistemaGestion\backend\node_modules\express\lib\router\route.js:216:15)
2026-03-27 23:45:47:     at proto.<computed> [as get] (C:\Users\54233\Documents\sistemaGestion\backend\node_modules\express\lib\router\index.js:521:19)
2026-03-27 23:45:47:     at Object.<anonymous> (C:\Users\54233\Documents\sistemaGestion\backend\routes\productos.js:13:8)
2026-03-27 23:45:47:     at Module._compile (node:internal/modules/cjs/loader:1812:14)
2026-03-27 23:45:47:     at Object..js (node:internal/modules/cjs/loader:1943:10)
2026-03-27 23:45:47:     at Module.load (node:internal/modules/cjs/loader:1533:32)
2026-03-27 23:45:47:     at Module._load (node:internal/modules/cjs/loader:1335:12)
2026-03-27 23:45:47:     at wrapModuleLoad (node:internal/modules/cjs/loader:255:19)
2026-03-27 23:45:47:     at Module.<anonymous> (node:internal/modules/cjs/loader:1556:12)
2026-03-27 23:45:47:     at Hook._require.Module.require (C:\Users\54233\AppData\Roaming\npm\node_modules\pm2\node_modules\require-in-the-middle\index.js:101:39)
2026-03-27 23:45:47: ═══════════════════════════════════════════
2026-03-27 23:45:47: ❌ EXCEPTION NO CAPTURADA
2026-03-27 23:45:47: Error: Route.get() requires a callback function but got a [object Object]
2026-03-27 23:45:47: Stack: Error: Route.get() requires a callback function but got a [object Object]
2026-03-27 23:45:47:     at Route.<computed> [as get] (C:\Users\54233\Documents\sistemaGestion\backend\node_modules\express\lib\router\route.js:216:15)
2026-03-27 23:45:47:     at proto.<computed> [as get] (C:\Users\54233\Documents\sistemaGestion\backend\node_modules\express\lib\router\index.js:521:19)
2026-03-27 23:45:47:     at Object.<anonymous> (C:\Users\54233\Documents\sistemaGestion\backend\routes\productos.js:13:8)
2026-03-27 23:45:47:     at Module._compile (node:internal/modules/cjs/loader:1812:14)
2026-03-27 23:45:47:     at Object..js (node:internal/modules/cjs/loader:1943:10)
2026-03-27 23:45:47:     at Module.load (node:internal/modules/cjs/loader:1533:32)
2026-03-27 23:45:47:     at Module._load (node:internal/modules/cjs/loader:1335:12)
2026-03-27 23:45:47:     at wrapModuleLoad (node:internal/modules/cjs/loader:255:19)
2026-03-27 23:45:47:     at Module.<anonymous> (node:internal/modules/cjs/loader:1556:12)
2026-03-27 23:45:47:     at Hook._require.Module.require (C:\Users\54233\AppData\Roaming\npm\node_modules\pm2\node_modules\require-in-the-middle\index.js:101:39)
2026-03-27 23:45:47: ═══════════════════════════════════════════
2026-03-27 23:45:50: Error: Route.get() requires a callback function but got a [object Object]
2026-03-27 23:45:50:     at Route.<computed> [as get] (C:\Users\54233\Documents\sistemaGestion\backend\node_modules\express\lib\router\route.js:216:15)
2026-03-27 23:45:50:     at proto.<computed> [as get] (C:\Users\54233\Documents\sistemaGestion\backend\node_modules\express\lib\router\index.js:521:19)
2026-03-27 23:45:50:     at Object.<anonymous> (C:\Users\54233\Documents\sistemaGestion\backend\routes\productos.js:13:8)
2026-03-27 23:45:50:     at Module._compile (node:internal/modules/cjs/loader:1812:14)
2026-03-27 23:45:50:     at Object..js (node:internal/modules/cjs/loader:1943:10)
2026-03-27 23:45:50:     at Module.load (node:internal/modules/cjs/loader:1533:32)
2026-03-27 23:45:50:     at Module._load (node:internal/modules/cjs/loader:1335:12)
2026-03-27 23:45:50:     at wrapModuleLoad (node:internal/modules/cjs/loader:255:19)
2026-03-27 23:45:50:     at Module.<anonymous> (node:internal/modules/cjs/loader:1556:12)
2026-03-27 23:45:50:     at Hook._require.Module.require (C:\Users\54233\AppData\Roaming\npm\node_modules\pm2\node_modules\require-in-the-middle\index.js:101:39)
2026-03-27 23:45:50: ═══════════════════════════════════════════
2026-03-27 23:45:50: ❌ EXCEPTION NO CAPTURADA
2026-03-27 23:45:50: Error: Route.get() requires a callback function but got a [object Object]
2026-03-27 23:45:50: Stack: Error: Route.get() requires a callback function but got a [object Object]
2026-03-27 23:45:50:     at Route.<computed> [as get] (C:\Users\54233\Documents\sistemaGestion\backend\node_modules\express\lib\router\route.js:216:15)
2026-03-27 23:45:50:     at proto.<computed> [as get] (C:\Users\54233\Documents\sistemaGestion\backend\node_modules\express\lib\router\index.js:521:19)
2026-03-27 23:45:50:     at Object.<anonymous> (C:\Users\54233\Documents\sistemaGestion\backend\routes\productos.js:13:8)
2026-03-27 23:45:50:     at Module._compile (node:internal/modules/cjs/loader:1812:14)
2026-03-27 23:45:50:     at Object..js (node:internal/modules/cjs/loader:1943:10)
2026-03-27 23:45:50:     at Module.load (node:internal/modules/cjs/loader:1533:32)
2026-03-27 23:45:50:     at Module._load (node:internal/modules/cjs/loader:1335:12)
2026-03-27 23:45:50:     at wrapModuleLoad (node:internal/modules/cjs/loader:255:19)
2026-03-27 23:45:50:     at Module.<anonymous> (node:internal/modules/cjs/loader:1556:12)
2026-03-27 23:45:50:     at Hook._require.Module.require (C:\Users\54233\AppData\Roaming\npm\node_modules\pm2\node_modules\require-in-the-middle\index.js:101:39)
2026-03-27 23:45:50: ═══════════════════════════════════════════
2026-03-27 23:45:54: Error: Route.get() requires a callback function but got a [object Object]
2026-03-27 23:45:54:     at Route.<computed> [as get] (C:\Users\54233\Documents\sistemaGestion\backend\node_modules\express\lib\router\route.js:216:15)
2026-03-27 23:45:54:     at proto.<computed> [as get] (C:\Users\54233\Documents\sistemaGestion\backend\node_modules\express\lib\router\index.js:521:19)
2026-03-27 23:45:54:     at Object.<anonymous> (C:\Users\54233\Documents\sistemaGestion\backend\routes\productos.js:13:8)
2026-03-27 23:45:54:     at Module._compile (node:internal/modules/cjs/loader:1812:14)
2026-03-27 23:45:54:     at Object..js (node:internal/modules/cjs/loader:1943:10)
2026-03-27 23:45:54:     at Module.load (node:internal/modules/cjs/loader:1533:32)
2026-03-27 23:45:54:     at Module._load (node:internal/modules/cjs/loader:1335:12)
2026-03-27 23:45:54:     at wrapModuleLoad (node:internal/modules/cjs/loader:255:19)
2026-03-27 23:45:54:     at Module.<anonymous> (node:internal/modules/cjs/loader:1556:12)
2026-03-27 23:45:54:     at Hook._require.Module.require (C:\Users\54233\AppData\Roaming\npm\node_modules\pm2\node_modules\require-in-the-middle\index.js:101:39)
2026-03-27 23:45:54: ═══════════════════════════════════════════
2026-03-27 23:45:54: ❌ EXCEPTION NO CAPTURADA
2026-03-27 23:45:54: Error: Route.get() requires a callback function but got a [object Object]
2026-03-27 23:45:54: Stack: Error: Route.get() requires a callback function but got a [object Object]
2026-03-27 23:45:54:     at Route.<computed> [as get] (C:\Users\54233\Documents\sistemaGestion\backend\node_modules\express\lib\router\route.js:216:15)
2026-03-27 23:45:54:     at proto.<computed> [as get] (C:\Users\54233\Documents\sistemaGestion\backend\node_modules\express\lib\router\index.js:521:19)
2026-03-27 23:45:54:     at Object.<anonymous> (C:\Users\54233\Documents\sistemaGestion\backend\routes\productos.js:13:8)
2026-03-27 23:45:54:     at Module._compile (node:internal/modules/cjs/loader:1812:14)
2026-03-27 23:45:54:     at Object..js (node:internal/modules/cjs/loader:1943:10)
2026-03-27 23:45:54:     at Module.load (node:internal/modules/cjs/loader:1533:32)
2026-03-27 23:45:54:     at Module._load (node:internal/modules/cjs/loader:1335:12)
2026-03-27 23:45:54:     at wrapModuleLoad (node:internal/modules/cjs/loader:255:19)
2026-03-27 23:45:54:     at Module.<anonymous> (node:internal/modules/cjs/loader:1556:12)
2026-03-27 23:45:54:     at Hook._require.Module.require (C:\Users\54233\AppData\Roaming\npm\node_modules\pm2\node_modules\require-in-the-middle\index.js:101:39)
2026-03-27 23:45:54: ═══════════════════════════════════════════
2026-03-27 23:49:20: Puerto 5000 en uso, intentando 50001...
2026-03-28 00:10:55: Error al crear movimiento de caja: motivo is not defined
2026-03-28 00:11:07: Error al crear movimiento de caja: motivo is not defined
2026-03-28 00:26:28: Error al crear movimiento de caja: motivo is not defined
2026-03-28 11:38:50: Error al crear movimiento de caja: motivo is not defined
2026-03-31 20:40:21: Error: Cannot find module '../models/Config'
2026-03-31 20:40:21: Require stack:
2026-03-31 20:40:21: - C:\Users\54233\Documents\sistemaGestion\backend\controllers\movimientoController.js
2026-03-31 20:40:21: - C:\Users\54233\Documents\sistemaGestion\backend\routes\movimientos.js
2026-03-31 20:40:21: - C:\Users\54233\Documents\sistemaGestion\backend\index.js
2026-03-31 20:40:21:     at Module._resolveFilename (node:internal/modules/cjs/loader:1456:15)
2026-03-31 20:40:21:     at Hook._require.Module.require (C:\Users\54233\AppData\Roaming\npm\node_modules\pm2\node_modules\require-in-the-middle\index.js:81:25)
2026-03-31 20:40:21:     at require (node:internal/modules/helpers:152:16)
2026-03-31 20:40:21:     at Object.<anonymous> (C:\Users\54233\Documents\sistemaGestion\backend\controllers\movimientoController.js:4:16)
2026-03-31 20:40:21:     at Module._compile (node:internal/modules/cjs/loader:1812:14)
2026-03-31 20:40:21:     at Object..js (node:internal/modules/cjs/loader:1943:10)
2026-03-31 20:40:21:     at Module.load (node:internal/modules/cjs/loader:1533:32)
2026-03-31 20:40:21:     at Module._load (node:internal/modules/cjs/loader:1335:12)
2026-03-31 20:40:21:     at wrapModuleLoad (node:internal/modules/cjs/loader:255:19)
2026-03-31 20:40:21:     at Module.<anonymous> (node:internal/modules/cjs/loader:1556:12) {
2026-03-31 20:40:21:   code: 'MODULE_NOT_FOUND',
2026-03-31 20:40:21:   requireStack: [
2026-03-31 20:40:21:     'C:\\Users\\54233\\Documents\\sistemaGestion\\backend\\controllers\\movimientoController.js',
2026-03-31 20:40:21:     'C:\\Users\\54233\\Documents\\sistemaGestion\\backend\\routes\\movimientos.js',
2026-03-31 20:40:21:     'C:\\Users\\54233\\Documents\\sistemaGestion\\backend\\index.js'
2026-03-31 20:40:21:   ]
2026-03-31 20:40:21: }
2026-03-31 20:40:21: ═══════════════════════════════════════════
2026-03-31 20:40:21: ❌ EXCEPTION NO CAPTURADA
2026-03-31 20:40:21: Error: Cannot find module '../models/Config'
2026-03-31 20:40:21: Require stack:
2026-03-31 20:40:21: - C:\Users\54233\Documents\sistemaGestion\backend\controllers\movimientoController.js
2026-03-31 20:40:21: - C:\Users\54233\Documents\sistemaGestion\backend\routes\movimientos.js
2026-03-31 20:40:21: - C:\Users\54233\Documents\sistemaGestion\backend\index.js
2026-03-31 20:40:21: Stack: Error: Cannot find module '../models/Config'
2026-03-31 20:40:21: Require stack:
2026-03-31 20:40:21: - C:\Users\54233\Documents\sistemaGestion\backend\controllers\movimientoController.js
2026-03-31 20:40:21: - C:\Users\54233\Documents\sistemaGestion\backend\routes\movimientos.js
2026-03-31 20:40:21: - C:\Users\54233\Documents\sistemaGestion\backend\index.js
2026-03-31 20:40:21:     at Module._resolveFilename (node:internal/modules/cjs/loader:1456:15)
2026-03-31 20:40:21:     at Hook._require.Module.require (C:\Users\54233\AppData\Roaming\npm\node_modules\pm2\node_modules\require-in-the-middle\index.js:81:25)
2026-03-31 20:40:21:     at require (node:internal/modules/helpers:152:16)
2026-03-31 20:40:21:     at Object.<anonymous> (C:\Users\54233\Documents\sistemaGestion\backend\controllers\movimientoController.js:4:16)
2026-03-31 20:40:21:     at Module._compile (node:internal/modules/cjs/loader:1812:14)
2026-03-31 20:40:21:     at Object..js (node:internal/modules/cjs/loader:1943:10)
2026-03-31 20:40:21:     at Module.load (node:internal/modules/cjs/loader:1533:32)
2026-03-31 20:40:21:     at Module._load (node:internal/modules/cjs/loader:1335:12)
2026-03-31 20:40:21:     at wrapModuleLoad (node:internal/modules/cjs/loader:255:19)
2026-03-31 20:40:21:     at Module.<anonymous> (node:internal/modules/cjs/loader:1556:12)
2026-03-31 20:40:21: ═══════════════════════════════════════════
2026-03-31 20:40:25: Error: Cannot find module '../models/Config'
2026-03-31 20:40:25: Require stack:
2026-03-31 20:40:25: - C:\Users\54233\Documents\sistemaGestion\backend\controllers\movimientoController.js
2026-03-31 20:40:25: - C:\Users\54233\Documents\sistemaGestion\backend\routes\movimientos.js
2026-03-31 20:40:25: - C:\Users\54233\Documents\sistemaGestion\backend\index.js
2026-03-31 20:40:25:     at Module._resolveFilename (node:internal/modules/cjs/loader:1456:15)
2026-03-31 20:40:25:     at Hook._require.Module.require (C:\Users\54233\AppData\Roaming\npm\node_modules\pm2\node_modules\require-in-the-middle\index.js:81:25)
2026-03-31 20:40:25:     at require (node:internal/modules/helpers:152:16)
2026-03-31 20:40:25:     at Object.<anonymous> (C:\Users\54233\Documents\sistemaGestion\backend\controllers\movimientoController.js:4:16)
2026-03-31 20:40:25:     at Module._compile (node:internal/modules/cjs/loader:1812:14)
2026-03-31 20:40:25:     at Object..js (node:internal/modules/cjs/loader:1943:10)
2026-03-31 20:40:25:     at Module.load (node:internal/modules/cjs/loader:1533:32)
2026-03-31 20:40:25:     at Module._load (node:internal/modules/cjs/loader:1335:12)
2026-03-31 20:40:25:     at wrapModuleLoad (node:internal/modules/cjs/loader:255:19)
2026-03-31 20:40:25:     at Module.<anonymous> (node:internal/modules/cjs/loader:1556:12) {
2026-03-31 20:40:25:   code: 'MODULE_NOT_FOUND',
2026-03-31 20:40:25:   requireStack: [
2026-03-31 20:40:25:     'C:\\Users\\54233\\Documents\\sistemaGestion\\backend\\controllers\\movimientoController.js',
2026-03-31 20:40:25:     'C:\\Users\\54233\\Documents\\sistemaGestion\\backend\\routes\\movimientos.js',
2026-03-31 20:40:25:     'C:\\Users\\54233\\Documents\\sistemaGestion\\backend\\index.js'
2026-03-31 20:40:25:   ]
2026-03-31 20:40:25: }
2026-03-31 20:40:25: ═══════════════════════════════════════════
2026-03-31 20:40:25: ❌ EXCEPTION NO CAPTURADA
2026-03-31 20:40:25: Error: Cannot find module '../models/Config'
2026-03-31 20:40:25: Require stack:
2026-03-31 20:40:25: - C:\Users\54233\Documents\sistemaGestion\backend\controllers\movimientoController.js
2026-03-31 20:40:25: - C:\Users\54233\Documents\sistemaGestion\backend\routes\movimientos.js
2026-03-31 20:40:25: - C:\Users\54233\Documents\sistemaGestion\backend\index.js
2026-03-31 20:40:25: Stack: Error: Cannot find module '../models/Config'
2026-03-31 20:40:25: Require stack:
2026-03-31 20:40:25: - C:\Users\54233\Documents\sistemaGestion\backend\controllers\movimientoController.js
2026-03-31 20:40:25: - C:\Users\54233\Documents\sistemaGestion\backend\routes\movimientos.js
2026-03-31 20:40:25: - C:\Users\54233\Documents\sistemaGestion\backend\index.js
2026-03-31 20:40:25:     at Module._resolveFilename (node:internal/modules/cjs/loader:1456:15)
2026-03-31 20:40:25:     at Hook._require.Module.require (C:\Users\54233\AppData\Roaming\npm\node_modules\pm2\node_modules\require-in-the-middle\index.js:81:25)
2026-03-31 20:40:25:     at require (node:internal/modules/helpers:152:16)
2026-03-31 20:40:25:     at Object.<anonymous> (C:\Users\54233\Documents\sistemaGestion\backend\controllers\movimientoController.js:4:16)
2026-03-31 20:40:25:     at Module._compile (node:internal/modules/cjs/loader:1812:14)
2026-03-31 20:40:25:     at Object..js (node:internal/modules/cjs/loader:1943:10)
2026-03-31 20:40:25:     at Module.load (node:internal/modules/cjs/loader:1533:32)
2026-03-31 20:40:25:     at Module._load (node:internal/modules/cjs/loader:1335:12)
2026-03-31 20:40:25:     at wrapModuleLoad (node:internal/modules/cjs/loader:255:19)
2026-03-31 20:40:25:     at Module.<anonymous> (node:internal/modules/cjs/loader:1556:12)
2026-03-31 20:40:25: ═══════════════════════════════════════════
2026-03-31 20:40:29: Error: Cannot find module '../models/Config'
2026-03-31 20:40:29: Require stack:
2026-03-31 20:40:29: - C:\Users\54233\Documents\sistemaGestion\backend\controllers\movimientoController.js
2026-03-31 20:40:29: - C:\Users\54233\Documents\sistemaGestion\backend\routes\movimientos.js
2026-03-31 20:40:29: - C:\Users\54233\Documents\sistemaGestion\backend\index.js
2026-03-31 20:40:29:     at Module._resolveFilename (node:internal/modules/cjs/loader:1456:15)
2026-03-31 20:40:29:     at Hook._require.Module.require (C:\Users\54233\AppData\Roaming\npm\node_modules\pm2\node_modules\require-in-the-middle\index.js:81:25)
2026-03-31 20:40:29:     at require (node:internal/modules/helpers:152:16)
2026-03-31 20:40:29:     at Object.<anonymous> (C:\Users\54233\Documents\sistemaGestion\backend\controllers\movimientoController.js:4:16)
2026-03-31 20:40:29:     at Module._compile (node:internal/modules/cjs/loader:1812:14)
2026-03-31 20:40:29:     at Object..js (node:internal/modules/cjs/loader:1943:10)
2026-03-31 20:40:29:     at Module.load (node:internal/modules/cjs/loader:1533:32)
2026-03-31 20:40:29:     at Module._load (node:internal/modules/cjs/loader:1335:12)
2026-03-31 20:40:29:     at wrapModuleLoad (node:internal/modules/cjs/loader:255:19)
2026-03-31 20:40:29:     at Module.<anonymous> (node:internal/modules/cjs/loader:1556:12) {
2026-03-31 20:40:29:   code: 'MODULE_NOT_FOUND',
2026-03-31 20:40:29:   requireStack: [
2026-03-31 20:40:29:     'C:\\Users\\54233\\Documents\\sistemaGestion\\backend\\controllers\\movimientoController.js',
2026-03-31 20:40:29:     'C:\\Users\\54233\\Documents\\sistemaGestion\\backend\\routes\\movimientos.js',
2026-03-31 20:40:29:     'C:\\Users\\54233\\Documents\\sistemaGestion\\backend\\index.js'
2026-03-31 20:40:29:   ]
2026-03-31 20:40:29: }
2026-03-31 20:40:29: ═══════════════════════════════════════════
2026-03-31 20:40:29: ❌ EXCEPTION NO CAPTURADA
2026-03-31 20:40:29: Error: Cannot find module '../models/Config'
2026-03-31 20:40:29: Require stack:
2026-03-31 20:40:29: - C:\Users\54233\Documents\sistemaGestion\backend\controllers\movimientoController.js
2026-03-31 20:40:29: - C:\Users\54233\Documents\sistemaGestion\backend\routes\movimientos.js
2026-03-31 20:40:29: - C:\Users\54233\Documents\sistemaGestion\backend\index.js
2026-03-31 20:40:29: Stack: Error: Cannot find module '../models/Config'
2026-03-31 20:40:29: Require stack:
2026-03-31 20:40:29: - C:\Users\54233\Documents\sistemaGestion\backend\controllers\movimientoController.js
2026-03-31 20:40:29: - C:\Users\54233\Documents\sistemaGestion\backend\routes\movimientos.js
2026-03-31 20:40:29: - C:\Users\54233\Documents\sistemaGestion\backend\index.js
2026-03-31 20:40:29:     at Module._resolveFilename (node:internal/modules/cjs/loader:1456:15)
2026-03-31 20:40:29:     at Hook._require.Module.require (C:\Users\54233\AppData\Roaming\npm\node_modules\pm2\node_modules\require-in-the-middle\index.js:81:25)
2026-03-31 20:40:29:     at require (node:internal/modules/helpers:152:16)
2026-03-31 20:40:29:     at Object.<anonymous> (C:\Users\54233\Documents\sistemaGestion\backend\controllers\movimientoController.js:4:16)
2026-03-31 20:40:29:     at Module._compile (node:internal/modules/cjs/loader:1812:14)
2026-03-31 20:40:29:     at Object..js (node:internal/modules/cjs/loader:1943:10)
2026-03-31 20:40:29:     at Module.load (node:internal/modules/cjs/loader:1533:32)
2026-03-31 20:40:29:     at Module._load (node:internal/modules/cjs/loader:1335:12)
2026-03-31 20:40:29:     at wrapModuleLoad (node:internal/modules/cjs/loader:255:19)
2026-03-31 20:40:29:     at Module.<anonymous> (node:internal/modules/cjs/loader:1556:12)
2026-03-31 20:40:29: ═══════════════════════════════════════════
2026-03-31 20:40:32: Error: Cannot find module '../models/Config'
2026-03-31 20:40:32: Require stack:
2026-03-31 20:40:32: - C:\Users\54233\Documents\sistemaGestion\backend\controllers\movimientoController.js
2026-03-31 20:40:32: - C:\Users\54233\Documents\sistemaGestion\backend\routes\movimientos.js
2026-03-31 20:40:32: - C:\Users\54233\Documents\sistemaGestion\backend\index.js
2026-03-31 20:40:32:     at Module._resolveFilename (node:internal/modules/cjs/loader:1456:15)
2026-03-31 20:40:32:     at Hook._require.Module.require (C:\Users\54233\AppData\Roaming\npm\node_modules\pm2\node_modules\require-in-the-middle\index.js:81:25)
2026-03-31 20:40:32:     at require (node:internal/modules/helpers:152:16)
2026-03-31 20:40:32:     at Object.<anonymous> (C:\Users\54233\Documents\sistemaGestion\backend\controllers\movimientoController.js:4:16)
2026-03-31 20:40:32:     at Module._compile (node:internal/modules/cjs/loader:1812:14)
2026-03-31 20:40:32:     at Object..js (node:internal/modules/cjs/loader:1943:10)
2026-03-31 20:40:32:     at Module.load (node:internal/modules/cjs/loader:1533:32)
2026-03-31 20:40:32:     at Module._load (node:internal/modules/cjs/loader:1335:12)
2026-03-31 20:40:32:     at wrapModuleLoad (node:internal/modules/cjs/loader:255:19)
2026-03-31 20:40:32:     at Module.<anonymous> (node:internal/modules/cjs/loader:1556:12) {
2026-03-31 20:40:32:   code: 'MODULE_NOT_FOUND',
2026-03-31 20:40:32:   requireStack: [
2026-03-31 20:40:32:     'C:\\Users\\54233\\Documents\\sistemaGestion\\backend\\controllers\\movimientoController.js',
2026-03-31 20:40:32:     'C:\\Users\\54233\\Documents\\sistemaGestion\\backend\\routes\\movimientos.js',
2026-03-31 20:40:32:     'C:\\Users\\54233\\Documents\\sistemaGestion\\backend\\index.js'
2026-03-31 20:40:32:   ]
2026-03-31 20:40:32: }
2026-03-31 20:40:32: ═══════════════════════════════════════════
2026-03-31 20:40:32: ❌ EXCEPTION NO CAPTURADA
2026-03-31 20:40:32: Error: Cannot find module '../models/Config'
2026-03-31 20:40:32: Require stack:
2026-03-31 20:40:32: - C:\Users\54233\Documents\sistemaGestion\backend\controllers\movimientoController.js
2026-03-31 20:40:32: - C:\Users\54233\Documents\sistemaGestion\backend\routes\movimientos.js
2026-03-31 20:40:32: - C:\Users\54233\Documents\sistemaGestion\backend\index.js
2026-03-31 20:40:32: Stack: Error: Cannot find module '../models/Config'
2026-03-31 20:40:32: Require stack:
2026-03-31 20:40:32: - C:\Users\54233\Documents\sistemaGestion\backend\controllers\movimientoController.js
2026-03-31 20:40:32: - C:\Users\54233\Documents\sistemaGestion\backend\routes\movimientos.js
2026-03-31 20:40:32: - C:\Users\54233\Documents\sistemaGestion\backend\index.js
2026-03-31 20:40:32:     at Module._resolveFilename (node:internal/modules/cjs/loader:1456:15)
2026-03-31 20:40:32:     at Hook._require.Module.require (C:\Users\54233\AppData\Roaming\npm\node_modules\pm2\node_modules\require-in-the-middle\index.js:81:25)
2026-03-31 20:40:32:     at require (node:internal/modules/helpers:152:16)
2026-03-31 20:40:32:     at Object.<anonymous> (C:\Users\54233\Documents\sistemaGestion\backend\controllers\movimientoController.js:4:16)
2026-03-31 20:40:32:     at Module._compile (node:internal/modules/cjs/loader:1812:14)
2026-03-31 20:40:32:     at Object..js (node:internal/modules/cjs/loader:1943:10)
2026-03-31 20:40:32:     at Module.load (node:internal/modules/cjs/loader:1533:32)
2026-03-31 20:40:32:     at Module._load (node:internal/modules/cjs/loader:1335:12)
2026-03-31 20:40:32:     at wrapModuleLoad (node:internal/modules/cjs/loader:255:19)
2026-03-31 20:40:32:     at Module.<anonymous> (node:internal/modules/cjs/loader:1556:12)
2026-03-31 20:40:32: ═══════════════════════════════════════════
2026-03-31 20:40:36: Error: Cannot find module '../models/Config'
2026-03-31 20:40:36: Require stack:
2026-03-31 20:40:36: - C:\Users\54233\Documents\sistemaGestion\backend\controllers\movimientoController.js
2026-03-31 20:40:36: - C:\Users\54233\Documents\sistemaGestion\backend\routes\movimientos.js
2026-03-31 20:40:36: - C:\Users\54233\Documents\sistemaGestion\backend\index.js
2026-03-31 20:40:36:     at Module._resolveFilename (node:internal/modules/cjs/loader:1456:15)
2026-03-31 20:40:36:     at Hook._require.Module.require (C:\Users\54233\AppData\Roaming\npm\node_modules\pm2\node_modules\require-in-the-middle\index.js:81:25)
2026-03-31 20:40:36:     at require (node:internal/modules/helpers:152:16)
2026-03-31 20:40:36:     at Object.<anonymous> (C:\Users\54233\Documents\sistemaGestion\backend\controllers\movimientoController.js:4:16)
2026-03-31 20:40:36:     at Module._compile (node:internal/modules/cjs/loader:1812:14)
2026-03-31 20:40:36:     at Object..js (node:internal/modules/cjs/loader:1943:10)
2026-03-31 20:40:36:     at Module.load (node:internal/modules/cjs/loader:1533:32)
2026-03-31 20:40:36:     at Module._load (node:internal/modules/cjs/loader:1335:12)
2026-03-31 20:40:36:     at wrapModuleLoad (node:internal/modules/cjs/loader:255:19)
2026-03-31 20:40:36:     at Module.<anonymous> (node:internal/modules/cjs/loader:1556:12) {
2026-03-31 20:40:36:   code: 'MODULE_NOT_FOUND',
2026-03-31 20:40:36:   requireStack: [
2026-03-31 20:40:36:     'C:\\Users\\54233\\Documents\\sistemaGestion\\backend\\controllers\\movimientoController.js',
2026-03-31 20:40:36:     'C:\\Users\\54233\\Documents\\sistemaGestion\\backend\\routes\\movimientos.js',
2026-03-31 20:40:36:     'C:\\Users\\54233\\Documents\\sistemaGestion\\backend\\index.js'
2026-03-31 20:40:36:   ]
2026-03-31 20:40:36: }
2026-03-31 20:40:36: ═══════════════════════════════════════════
2026-03-31 20:40:36: ❌ EXCEPTION NO CAPTURADA
2026-03-31 20:40:36: Error: Cannot find module '../models/Config'
2026-03-31 20:40:36: Require stack:
2026-03-31 20:40:36: - C:\Users\54233\Documents\sistemaGestion\backend\controllers\movimientoController.js
2026-03-31 20:40:36: - C:\Users\54233\Documents\sistemaGestion\backend\routes\movimientos.js
2026-03-31 20:40:36: - C:\Users\54233\Documents\sistemaGestion\backend\index.js
2026-03-31 20:40:36: Stack: Error: Cannot find module '../models/Config'
2026-03-31 20:40:36: Require stack:
2026-03-31 20:40:36: - C:\Users\54233\Documents\sistemaGestion\backend\controllers\movimientoController.js
2026-03-31 20:40:36: - C:\Users\54233\Documents\sistemaGestion\backend\routes\movimientos.js
2026-03-31 20:40:36: - C:\Users\54233\Documents\sistemaGestion\backend\index.js
2026-03-31 20:40:36:     at Module._resolveFilename (node:internal/modules/cjs/loader:1456:15)
2026-03-31 20:40:36:     at Hook._require.Module.require (C:\Users\54233\AppData\Roaming\npm\node_modules\pm2\node_modules\require-in-the-middle\index.js:81:25)
2026-03-31 20:40:36:     at require (node:internal/modules/helpers:152:16)
2026-03-31 20:40:36:     at Object.<anonymous> (C:\Users\54233\Documents\sistemaGestion\backend\controllers\movimientoController.js:4:16)
2026-03-31 20:40:36:     at Module._compile (node:internal/modules/cjs/loader:1812:14)
2026-03-31 20:40:36:     at Object..js (node:internal/modules/cjs/loader:1943:10)
2026-03-31 20:40:36:     at Module.load (node:internal/modules/cjs/loader:1533:32)
2026-03-31 20:40:36:     at Module._load (node:internal/modules/cjs/loader:1335:12)
2026-03-31 20:40:36:     at wrapModuleLoad (node:internal/modules/cjs/loader:255:19)
2026-03-31 20:40:36:     at Module.<anonymous> (node:internal/modules/cjs/loader:1556:12)
2026-03-31 20:40:36: ═══════════════════════════════════════════
2026-03-31 20:40:42: Error: Cannot find module '../models/Config'
2026-03-31 20:40:42: Require stack:
2026-03-31 20:40:42: - C:\Users\54233\Documents\sistemaGestion\backend\controllers\movimientoController.js
2026-03-31 20:40:42: - C:\Users\54233\Documents\sistemaGestion\backend\routes\movimientos.js
2026-03-31 20:40:42: - C:\Users\54233\Documents\sistemaGestion\backend\index.js
2026-03-31 20:40:42:     at Module._resolveFilename (node:internal/modules/cjs/loader:1456:15)
2026-03-31 20:40:42:     at Hook._require.Module.require (C:\Users\54233\AppData\Roaming\npm\node_modules\pm2\node_modules\require-in-the-middle\index.js:81:25)
2026-03-31 20:40:42:     at require (node:internal/modules/helpers:152:16)
2026-03-31 20:40:42:     at Object.<anonymous> (C:\Users\54233\Documents\sistemaGestion\backend\controllers\movimientoController.js:4:16)
2026-03-31 20:40:42:     at Module._compile (node:internal/modules/cjs/loader:1812:14)
2026-03-31 20:40:42:     at Object..js (node:internal/modules/cjs/loader:1943:10)
2026-03-31 20:40:42:     at Module.load (node:internal/modules/cjs/loader:1533:32)
2026-03-31 20:40:42:     at Module._load (node:internal/modules/cjs/loader:1335:12)
2026-03-31 20:40:42:     at wrapModuleLoad (node:internal/modules/cjs/loader:255:19)
2026-03-31 20:40:42:     at Module.<anonymous> (node:internal/modules/cjs/loader:1556:12) {
2026-03-31 20:40:42:   code: 'MODULE_NOT_FOUND',
2026-03-31 20:40:42:   requireStack: [
2026-03-31 20:40:42:     'C:\\Users\\54233\\Documents\\sistemaGestion\\backend\\controllers\\movimientoController.js',
2026-03-31 20:40:42:     'C:\\Users\\54233\\Documents\\sistemaGestion\\backend\\routes\\movimientos.js',
2026-03-31 20:40:42:     'C:\\Users\\54233\\Documents\\sistemaGestion\\backend\\index.js'
2026-03-31 20:40:42:   ]
2026-03-31 20:40:42: }
2026-03-31 20:40:42: ═══════════════════════════════════════════
2026-03-31 20:40:42: ❌ EXCEPTION NO CAPTURADA
2026-03-31 20:40:42: Error: Cannot find module '../models/Config'
2026-03-31 20:40:42: Require stack:
2026-03-31 20:40:42: - C:\Users\54233\Documents\sistemaGestion\backend\controllers\movimientoController.js
2026-03-31 20:40:42: - C:\Users\54233\Documents\sistemaGestion\backend\routes\movimientos.js
2026-03-31 20:40:42: - C:\Users\54233\Documents\sistemaGestion\backend\index.js
2026-03-31 20:40:42: Stack: Error: Cannot find module '../models/Config'
2026-03-31 20:40:42: Require stack:
2026-03-31 20:40:42: - C:\Users\54233\Documents\sistemaGestion\backend\controllers\movimientoController.js
2026-03-31 20:40:42: - C:\Users\54233\Documents\sistemaGestion\backend\routes\movimientos.js
2026-03-31 20:40:42: - C:\Users\54233\Documents\sistemaGestion\backend\index.js
2026-03-31 20:40:42:     at Module._resolveFilename (node:internal/modules/cjs/loader:1456:15)
2026-03-31 20:40:42:     at Hook._require.Module.require (C:\Users\54233\AppData\Roaming\npm\node_modules\pm2\node_modules\require-in-the-middle\index.js:81:25)
2026-03-31 20:40:42:     at require (node:internal/modules/helpers:152:16)
2026-03-31 20:40:42:     at Object.<anonymous> (C:\Users\54233\Documents\sistemaGestion\backend\controllers\movimientoController.js:4:16)
2026-03-31 20:40:42:     at Module._compile (node:internal/modules/cjs/loader:1812:14)
2026-03-31 20:40:42:     at Object..js (node:internal/modules/cjs/loader:1943:10)
2026-03-31 20:40:42:     at Module.load (node:internal/modules/cjs/loader:1533:32)
2026-03-31 20:40:42:     at Module._load (node:internal/modules/cjs/loader:1335:12)
2026-03-31 20:40:42:     at wrapModuleLoad (node:internal/modules/cjs/loader:255:19)
2026-03-31 20:40:42:     at Module.<anonymous> (node:internal/modules/cjs/loader:1556:12)
2026-03-31 20:40:42: ═══════════════════════════════════════════
2026-03-31 20:40:46: Error: Cannot find module '../models/Config'
2026-03-31 20:40:46: Require stack:
2026-03-31 20:40:46: - C:\Users\54233\Documents\sistemaGestion\backend\controllers\movimientoController.js
2026-03-31 20:40:46: - C:\Users\54233\Documents\sistemaGestion\backend\routes\movimientos.js
2026-03-31 20:40:46: - C:\Users\54233\Documents\sistemaGestion\backend\index.js
2026-03-31 20:40:46:     at Module._resolveFilename (node:internal/modules/cjs/loader:1456:15)
2026-03-31 20:40:46:     at Hook._require.Module.require (C:\Users\54233\AppData\Roaming\npm\node_modules\pm2\node_modules\require-in-the-middle\index.js:81:25)
2026-03-31 20:40:46:     at require (node:internal/modules/helpers:152:16)
2026-03-31 20:40:46:     at Object.<anonymous> (C:\Users\54233\Documents\sistemaGestion\backend\controllers\movimientoController.js:4:16)
2026-03-31 20:40:46:     at Module._compile (node:internal/modules/cjs/loader:1812:14)
2026-03-31 20:40:46:     at Object..js (node:internal/modules/cjs/loader:1943:10)
2026-03-31 20:40:46:     at Module.load (node:internal/modules/cjs/loader:1533:32)
2026-03-31 20:40:46:     at Module._load (node:internal/modules/cjs/loader:1335:12)
2026-03-31 20:40:46:     at wrapModuleLoad (node:internal/modules/cjs/loader:255:19)
2026-03-31 20:40:46:     at Module.<anonymous> (node:internal/modules/cjs/loader:1556:12) {
2026-03-31 20:40:46:   code: 'MODULE_NOT_FOUND',
2026-03-31 20:40:46:   requireStack: [
2026-03-31 20:40:46:     'C:\\Users\\54233\\Documents\\sistemaGestion\\backend\\controllers\\movimientoController.js',
2026-03-31 20:40:46:     'C:\\Users\\54233\\Documents\\sistemaGestion\\backend\\routes\\movimientos.js',
2026-03-31 20:40:46:     'C:\\Users\\54233\\Documents\\sistemaGestion\\backend\\index.js'
2026-03-31 20:40:46:   ]
2026-03-31 20:40:46: }
2026-03-31 20:40:46: ═══════════════════════════════════════════
2026-03-31 20:40:46: ❌ EXCEPTION NO CAPTURADA
2026-03-31 20:40:46: Error: Cannot find module '../models/Config'
2026-03-31 20:40:46: Require stack:
2026-03-31 20:40:46: - C:\Users\54233\Documents\sistemaGestion\backend\controllers\movimientoController.js
2026-03-31 20:40:46: - C:\Users\54233\Documents\sistemaGestion\backend\routes\movimientos.js
2026-03-31 20:40:46: - C:\Users\54233\Documents\sistemaGestion\backend\index.js
2026-03-31 20:40:46: Stack: Error: Cannot find module '../models/Config'
2026-03-31 20:40:46: Require stack:
2026-03-31 20:40:46: - C:\Users\54233\Documents\sistemaGestion\backend\controllers\movimientoController.js
2026-03-31 20:40:46: - C:\Users\54233\Documents\sistemaGestion\backend\routes\movimientos.js
2026-03-31 20:40:46: - C:\Users\54233\Documents\sistemaGestion\backend\index.js
2026-03-31 20:40:46:     at Module._resolveFilename (node:internal/modules/cjs/loader:1456:15)
2026-03-31 20:40:46:     at Hook._require.Module.require (C:\Users\54233\AppData\Roaming\npm\node_modules\pm2\node_modules\require-in-the-middle\index.js:81:25)
2026-03-31 20:40:46:     at require (node:internal/modules/helpers:152:16)
2026-03-31 20:40:46:     at Object.<anonymous> (C:\Users\54233\Documents\sistemaGestion\backend\controllers\movimientoController.js:4:16)
2026-03-31 20:40:46:     at Module._compile (node:internal/modules/cjs/loader:1812:14)
2026-03-31 20:40:46:     at Object..js (node:internal/modules/cjs/loader:1943:10)
2026-03-31 20:40:46:     at Module.load (node:internal/modules/cjs/loader:1533:32)
2026-03-31 20:40:46:     at Module._load (node:internal/modules/cjs/loader:1335:12)
2026-03-31 20:40:46:     at wrapModuleLoad (node:internal/modules/cjs/loader:255:19)
2026-03-31 20:40:46:     at Module.<anonymous> (node:internal/modules/cjs/loader:1556:12)
2026-03-31 20:40:46: ═══════════════════════════════════════════
2026-03-31 20:40:50: Error: Cannot find module '../models/Config'
2026-03-31 20:40:50: Require stack:
2026-03-31 20:40:50: - C:\Users\54233\Documents\sistemaGestion\backend\controllers\movimientoController.js
2026-03-31 20:40:50: - C:\Users\54233\Documents\sistemaGestion\backend\routes\movimientos.js
2026-03-31 20:40:50: - C:\Users\54233\Documents\sistemaGestion\backend\index.js
2026-03-31 20:40:50:     at Module._resolveFilename (node:internal/modules/cjs/loader:1456:15)
2026-03-31 20:40:50:     at Hook._require.Module.require (C:\Users\54233\AppData\Roaming\npm\node_modules\pm2\node_modules\require-in-the-middle\index.js:81:25)
2026-03-31 20:40:50:     at require (node:internal/modules/helpers:152:16)
2026-03-31 20:40:50:     at Object.<anonymous> (C:\Users\54233\Documents\sistemaGestion\backend\controllers\movimientoController.js:4:16)
2026-03-31 20:40:50:     at Module._compile (node:internal/modules/cjs/loader:1812:14)
2026-03-31 20:40:50:     at Object..js (node:internal/modules/cjs/loader:1943:10)
2026-03-31 20:40:50:     at Module.load (node:internal/modules/cjs/loader:1533:32)
2026-03-31 20:40:50:     at Module._load (node:internal/modules/cjs/loader:1335:12)
2026-03-31 20:40:50:     at wrapModuleLoad (node:internal/modules/cjs/loader:255:19)
2026-03-31 20:40:50:     at Module.<anonymous> (node:internal/modules/cjs/loader:1556:12) {
2026-03-31 20:40:50:   code: 'MODULE_NOT_FOUND',
2026-03-31 20:40:50:   requireStack: [
2026-03-31 20:40:50:     'C:\\Users\\54233\\Documents\\sistemaGestion\\backend\\controllers\\movimientoController.js',
2026-03-31 20:40:50:     'C:\\Users\\54233\\Documents\\sistemaGestion\\backend\\routes\\movimientos.js',
2026-03-31 20:40:50:     'C:\\Users\\54233\\Documents\\sistemaGestion\\backend\\index.js'
2026-03-31 20:40:50:   ]
2026-03-31 20:40:50: }
2026-03-31 20:40:50: ═══════════════════════════════════════════
2026-03-31 20:40:50: ❌ EXCEPTION NO CAPTURADA
2026-03-31 20:40:50: Error: Cannot find module '../models/Config'
2026-03-31 20:40:50: Require stack:
2026-03-31 20:40:50: - C:\Users\54233\Documents\sistemaGestion\backend\controllers\movimientoController.js
2026-03-31 20:40:50: - C:\Users\54233\Documents\sistemaGestion\backend\routes\movimientos.js
2026-03-31 20:40:50: - C:\Users\54233\Documents\sistemaGestion\backend\index.js
2026-03-31 20:40:50: Stack: Error: Cannot find module '../models/Config'
2026-03-31 20:40:50: Require stack:
2026-03-31 20:40:50: - C:\Users\54233\Documents\sistemaGestion\backend\controllers\movimientoController.js
2026-03-31 20:40:50: - C:\Users\54233\Documents\sistemaGestion\backend\routes\movimientos.js
2026-03-31 20:40:50: - C:\Users\54233\Documents\sistemaGestion\backend\index.js
2026-03-31 20:40:50:     at Module._resolveFilename (node:internal/modules/cjs/loader:1456:15)
2026-03-31 20:40:50:     at Hook._require.Module.require (C:\Users\54233\AppData\Roaming\npm\node_modules\pm2\node_modules\require-in-the-middle\index.js:81:25)
2026-03-31 20:40:50:     at require (node:internal/modules/helpers:152:16)
2026-03-31 20:40:50:     at Object.<anonymous> (C:\Users\54233\Documents\sistemaGestion\backend\controllers\movimientoController.js:4:16)
2026-03-31 20:40:50:     at Module._compile (node:internal/modules/cjs/loader:1812:14)
2026-03-31 20:40:50:     at Object..js (node:internal/modules/cjs/loader:1943:10)
2026-03-31 20:40:50:     at Module.load (node:internal/modules/cjs/loader:1533:32)
2026-03-31 20:40:50:     at Module._load (node:internal/modules/cjs/loader:1335:12)
2026-03-31 20:40:50:     at wrapModuleLoad (node:internal/modules/cjs/loader:255:19)
2026-03-31 20:40:50:     at Module.<anonymous> (node:internal/modules/cjs/loader:1556:12)
2026-03-31 20:40:50: ═══════════════════════════════════════════
2026-03-31 20:40:53: Error: Cannot find module '../models/Config'
2026-03-31 20:40:53: Require stack:
2026-03-31 20:40:53: - C:\Users\54233\Documents\sistemaGestion\backend\controllers\movimientoController.js
2026-03-31 20:40:53: - C:\Users\54233\Documents\sistemaGestion\backend\routes\movimientos.js
2026-03-31 20:40:53: - C:\Users\54233\Documents\sistemaGestion\backend\index.js
2026-03-31 20:40:53:     at Module._resolveFilename (node:internal/modules/cjs/loader:1456:15)
2026-03-31 20:40:53:     at Hook._require.Module.require (C:\Users\54233\AppData\Roaming\npm\node_modules\pm2\node_modules\require-in-the-middle\index.js:81:25)
2026-03-31 20:40:53:     at require (node:internal/modules/helpers:152:16)
2026-03-31 20:40:53:     at Object.<anonymous> (C:\Users\54233\Documents\sistemaGestion\backend\controllers\movimientoController.js:4:16)
2026-03-31 20:40:53:     at Module._compile (node:internal/modules/cjs/loader:1812:14)
2026-03-31 20:40:53:     at Object..js (node:internal/modules/cjs/loader:1943:10)
2026-03-31 20:40:53:     at Module.load (node:internal/modules/cjs/loader:1533:32)
2026-03-31 20:40:53:     at Module._load (node:internal/modules/cjs/loader:1335:12)
2026-03-31 20:40:53:     at wrapModuleLoad (node:internal/modules/cjs/loader:255:19)
2026-03-31 20:40:53:     at Module.<anonymous> (node:internal/modules/cjs/loader:1556:12) {
2026-03-31 20:40:53:   code: 'MODULE_NOT_FOUND',
2026-03-31 20:40:53:   requireStack: [
2026-03-31 20:40:53:     'C:\\Users\\54233\\Documents\\sistemaGestion\\backend\\controllers\\movimientoController.js',
2026-03-31 20:40:53:     'C:\\Users\\54233\\Documents\\sistemaGestion\\backend\\routes\\movimientos.js',
2026-03-31 20:40:53:     'C:\\Users\\54233\\Documents\\sistemaGestion\\backend\\index.js'
2026-03-31 20:40:53:   ]
2026-03-31 20:40:53: }
2026-03-31 20:40:53: ═══════════════════════════════════════════
2026-03-31 20:40:53: ❌ EXCEPTION NO CAPTURADA
2026-03-31 20:40:53: Error: Cannot find module '../models/Config'
2026-03-31 20:40:53: Require stack:
2026-03-31 20:40:53: - C:\Users\54233\Documents\sistemaGestion\backend\controllers\movimientoController.js
2026-03-31 20:40:53: - C:\Users\54233\Documents\sistemaGestion\backend\routes\movimientos.js
2026-03-31 20:40:53: - C:\Users\54233\Documents\sistemaGestion\backend\index.js
2026-03-31 20:40:53: Stack: Error: Cannot find module '../models/Config'
2026-03-31 20:40:53: Require stack:
2026-03-31 20:40:53: - C:\Users\54233\Documents\sistemaGestion\backend\controllers\movimientoController.js
2026-03-31 20:40:53: - C:\Users\54233\Documents\sistemaGestion\backend\routes\movimientos.js
2026-03-31 20:40:53: - C:\Users\54233\Documents\sistemaGestion\backend\index.js
2026-03-31 20:40:53:     at Module._resolveFilename (node:internal/modules/cjs/loader:1456:15)
2026-03-31 20:40:53:     at Hook._require.Module.require (C:\Users\54233\AppData\Roaming\npm\node_modules\pm2\node_modules\require-in-the-middle\index.js:81:25)
2026-03-31 20:40:53:     at require (node:internal/modules/helpers:152:16)
2026-03-31 20:40:53:     at Object.<anonymous> (C:\Users\54233\Documents\sistemaGestion\backend\controllers\movimientoController.js:4:16)
2026-03-31 20:40:53:     at Module._compile (node:internal/modules/cjs/loader:1812:14)
2026-03-31 20:40:53:     at Object..js (node:internal/modules/cjs/loader:1943:10)
2026-03-31 20:40:53:     at Module.load (node:internal/modules/cjs/loader:1533:32)
2026-03-31 20:40:53:     at Module._load (node:internal/modules/cjs/loader:1335:12)
2026-03-31 20:40:53:     at wrapModuleLoad (node:internal/modules/cjs/loader:255:19)
2026-03-31 20:40:53:     at Module.<anonymous> (node:internal/modules/cjs/loader:1556:12)
2026-03-31 20:40:53: ═══════════════════════════════════════════
2026-03-31 20:40:59: Error: Cannot find module '../models/Config'
2026-03-31 20:40:59: Require stack:
2026-03-31 20:40:59: - C:\Users\54233\Documents\sistemaGestion\backend\controllers\movimientoController.js
2026-03-31 20:40:59: - C:\Users\54233\Documents\sistemaGestion\backend\routes\movimientos.js
2026-03-31 20:40:59: - C:\Users\54233\Documents\sistemaGestion\backend\index.js
2026-03-31 20:40:59:     at Module._resolveFilename (node:internal/modules/cjs/loader:1456:15)
2026-03-31 20:40:59:     at Hook._require.Module.require (C:\Users\54233\AppData\Roaming\npm\node_modules\pm2\node_modules\require-in-the-middle\index.js:81:25)
2026-03-31 20:40:59:     at require (node:internal/modules/helpers:152:16)
2026-03-31 20:40:59:     at Object.<anonymous> (C:\Users\54233\Documents\sistemaGestion\backend\controllers\movimientoController.js:4:16)
2026-03-31 20:40:59:     at Module._compile (node:internal/modules/cjs/loader:1812:14)
2026-03-31 20:40:59:     at Object..js (node:internal/modules/cjs/loader:1943:10)
2026-03-31 20:40:59:     at Module.load (node:internal/modules/cjs/loader:1533:32)
2026-03-31 20:40:59:     at Module._load (node:internal/modules/cjs/loader:1335:12)
2026-03-31 20:40:59:     at wrapModuleLoad (node:internal/modules/cjs/loader:255:19)
2026-03-31 20:40:59:     at Module.<anonymous> (node:internal/modules/cjs/loader:1556:12) {
2026-03-31 20:40:59:   code: 'MODULE_NOT_FOUND',
2026-03-31 20:40:59:   requireStack: [
2026-03-31 20:40:59:     'C:\\Users\\54233\\Documents\\sistemaGestion\\backend\\controllers\\movimientoController.js',
2026-03-31 20:40:59:     'C:\\Users\\54233\\Documents\\sistemaGestion\\backend\\routes\\movimientos.js',
2026-03-31 20:40:59:     'C:\\Users\\54233\\Documents\\sistemaGestion\\backend\\index.js'
2026-03-31 20:40:59:   ]
2026-03-31 20:40:59: }
2026-03-31 20:40:59: ═══════════════════════════════════════════
2026-03-31 20:40:59: ❌ EXCEPTION NO CAPTURADA
2026-03-31 20:40:59: Error: Cannot find module '../models/Config'
2026-03-31 20:40:59: Require stack:
2026-03-31 20:40:59: - C:\Users\54233\Documents\sistemaGestion\backend\controllers\movimientoController.js
2026-03-31 20:40:59: - C:\Users\54233\Documents\sistemaGestion\backend\routes\movimientos.js
2026-03-31 20:40:59: - C:\Users\54233\Documents\sistemaGestion\backend\index.js
2026-03-31 20:40:59: Stack: Error: Cannot find module '../models/Config'
2026-03-31 20:40:59: Require stack:
2026-03-31 20:40:59: - C:\Users\54233\Documents\sistemaGestion\backend\controllers\movimientoController.js
2026-03-31 20:40:59: - C:\Users\54233\Documents\sistemaGestion\backend\routes\movimientos.js
2026-03-31 20:40:59: - C:\Users\54233\Documents\sistemaGestion\backend\index.js
2026-03-31 20:40:59:     at Module._resolveFilename (node:internal/modules/cjs/loader:1456:15)
2026-03-31 20:40:59:     at Hook._require.Module.require (C:\Users\54233\AppData\Roaming\npm\node_modules\pm2\node_modules\require-in-the-middle\index.js:81:25)
2026-03-31 20:40:59:     at require (node:internal/modules/helpers:152:16)
2026-03-31 20:40:59:     at Object.<anonymous> (C:\Users\54233\Documents\sistemaGestion\backend\controllers\movimientoController.js:4:16)
2026-03-31 20:40:59:     at Module._compile (node:internal/modules/cjs/loader:1812:14)
2026-03-31 20:40:59:     at Object..js (node:internal/modules/cjs/loader:1943:10)
2026-03-31 20:40:59:     at Module.load (node:internal/modules/cjs/loader:1533:32)
2026-03-31 20:40:59:     at Module._load (node:internal/modules/cjs/loader:1335:12)
2026-03-31 20:40:59:     at wrapModuleLoad (node:internal/modules/cjs/loader:255:19)
2026-03-31 20:40:59:     at Module.<anonymous> (node:internal/modules/cjs/loader:1556:12)
2026-03-31 20:40:59: ═══════════════════════════════════════════
2026-03-31 20:45:43: Puerto 5000 en uso, intentando 50001...
2026-04-01 01:04:22: Puerto 5000 en uso, intentando 50001...
